2015-08-10 06:49:17 Notice: Notice (8): Undefined variable: bookmarks in [/Applications/MAMP/htdocs/cakephp3/bookmarker/src/Template/Bookmarks/index.ctp, line 34]
Trace:
Cake\Error\BaseErrorHandler::handleError() - CORE/src/Error/BaseErrorHandler.php, line 139
include - APP/Template/Bookmarks/index.ctp, line 34
Cake\View\View::_evaluate() - CORE/src/View/View.php, line 828
Cake\View\View::_render() - CORE/src/View/View.php, line 788
Cake\View\View::render() - CORE/src/View/View.php, line 465
Cake\Controller\Controller::render() - CORE/src/Controller/Controller.php, line 582
Cake\Routing\Dispatcher::_invoke() - CORE/src/Routing/Dispatcher.php, line 120
Cake\Routing\Dispatcher::dispatch() - CORE/src/Routing/Dispatcher.php, line 87
[main] - ROOT/webroot/index.php, line 37



2015-08-10 11:59:03 Notice: Notice (8): Undefined variable: bookmarks in [/Applications/MAMP/htdocs/cakephp3/bookmarker/src/Template/Bookmarks/index.ctp, line 34]
Trace:
Cake\Error\BaseErrorHandler::handleError() - CORE/src/Error/BaseErrorHandler.php, line 139
include - APP/Template/Bookmarks/index.ctp, line 34
Cake\View\View::_evaluate() - CORE/src/View/View.php, line 828
Cake\View\View::_render() - CORE/src/View/View.php, line 788
Cake\View\View::render() - CORE/src/View/View.php, line 465
Cake\Controller\Controller::render() - CORE/src/Controller/Controller.php, line 582
Cake\Routing\Dispatcher::_invoke() - CORE/src/Routing/Dispatcher.php, line 120
Cake\Routing\Dispatcher::dispatch() - CORE/src/Routing/Dispatcher.php, line 87
[main] - ROOT/webroot/index.php, line 37



2015-08-10 12:01:06 Notice: Notice (8): Undefined variable: bookmarks in [/Applications/MAMP/htdocs/cakephp3/bookmarker/src/Template/Bookmarks/index.ctp, line 34]
Trace:
Cake\Error\BaseErrorHandler::handleError() - CORE/src/Error/BaseErrorHandler.php, line 139
include - APP/Template/Bookmarks/index.ctp, line 34
Cake\View\View::_evaluate() - CORE/src/View/View.php, line 828
Cake\View\View::_render() - CORE/src/View/View.php, line 788
Cake\View\View::render() - CORE/src/View/View.php, line 465
Cake\Controller\Controller::render() - CORE/src/Controller/Controller.php, line 582
Cake\Routing\Dispatcher::_invoke() - CORE/src/Routing/Dispatcher.php, line 120
Cake\Routing\Dispatcher::dispatch() - CORE/src/Routing/Dispatcher.php, line 87
[main] - ROOT/webroot/index.php, line 37



2015-08-10 12:01:09 Notice: Notice (8): Undefined variable: bookmarks in [/Applications/MAMP/htdocs/cakephp3/bookmarker/src/Template/Bookmarks/index.ctp, line 34]
Trace:
Cake\Error\BaseErrorHandler::handleError() - CORE/src/Error/BaseErrorHandler.php, line 139
include - APP/Template/Bookmarks/index.ctp, line 34
Cake\View\View::_evaluate() - CORE/src/View/View.php, line 828
Cake\View\View::_render() - CORE/src/View/View.php, line 788
Cake\View\View::render() - CORE/src/View/View.php, line 465
Cake\Controller\Controller::render() - CORE/src/Controller/Controller.php, line 582
Cake\Routing\Dispatcher::_invoke() - CORE/src/Routing/Dispatcher.php, line 120
Cake\Routing\Dispatcher::dispatch() - CORE/src/Routing/Dispatcher.php, line 87
[main] - ROOT/webroot/index.php, line 37



2015-08-10 12:03:02 Notice: Notice (8): Undefined variable: bookmarks in [/Applications/MAMP/htdocs/cakephp3/bookmarker/src/Template/Bookmarks/index.ctp, line 34]
Trace:
Cake\Error\BaseErrorHandler::handleError() - CORE/src/Error/BaseErrorHandler.php, line 139
include - APP/Template/Bookmarks/index.ctp, line 34
Cake\View\View::_evaluate() - CORE/src/View/View.php, line 828
Cake\View\View::_render() - CORE/src/View/View.php, line 788
Cake\View\View::render() - CORE/src/View/View.php, line 465
Cake\Controller\Controller::render() - CORE/src/Controller/Controller.php, line 582
Cake\Routing\Dispatcher::_invoke() - CORE/src/Routing/Dispatcher.php, line 120
Cake\Routing\Dispatcher::dispatch() - CORE/src/Routing/Dispatcher.php, line 87
[main] - ROOT/webroot/index.php, line 37



2015-08-11 15:08:52 Notice: Notice (8): Undefined variable: data in [/Applications/MAMP/htdocs/cakephp3/bookmarker/src/Template/Users/index.ctp, line 38]
Trace:
Cake\Error\BaseErrorHandler::handleError() - CORE/src/Error/BaseErrorHandler.php, line 139
include - APP/Template/Users/index.ctp, line 38
Cake\View\View::_evaluate() - CORE/src/View/View.php, line 828
Cake\View\View::_render() - CORE/src/View/View.php, line 788
Cake\View\View::render() - CORE/src/View/View.php, line 465
Cake\Controller\Controller::render() - CORE/src/Controller/Controller.php, line 582
Cake\Routing\Dispatcher::_invoke() - CORE/src/Routing/Dispatcher.php, line 120
Cake\Routing\Dispatcher::dispatch() - CORE/src/Routing/Dispatcher.php, line 87
[main] - ROOT/webroot/index.php, line 37



2015-08-12 12:19:22 Notice: Notice (8): Use of undefined constant id - assumed 'id' in [/Applications/MAMP/htdocs/cakephp3/bookmarker/src/Template/Users/view.ctp, line 17]
Trace:
Cake\Error\BaseErrorHandler::handleError() - CORE/src/Error/BaseErrorHandler.php, line 139
include - APP/Template/Users/view.ctp, line 17
Cake\View\View::_evaluate() - CORE/src/View/View.php, line 828
Cake\View\View::_render() - CORE/src/View/View.php, line 788
Cake\View\View::render() - CORE/src/View/View.php, line 465
Cake\Controller\Controller::render() - CORE/src/Controller/Controller.php, line 582
Cake\Routing\Dispatcher::_invoke() - CORE/src/Routing/Dispatcher.php, line 120
Cake\Routing\Dispatcher::dispatch() - CORE/src/Routing/Dispatcher.php, line 87
[main] - ROOT/webroot/index.php, line 37



2015-08-12 12:21:44 Notice: Notice (8): Use of undefined constant id - assumed 'id' in [/Applications/MAMP/htdocs/cakephp3/bookmarker/src/Template/Users/view.ctp, line 17]
Trace:
Cake\Error\BaseErrorHandler::handleError() - CORE/src/Error/BaseErrorHandler.php, line 139
include - APP/Template/Users/view.ctp, line 17
Cake\View\View::_evaluate() - CORE/src/View/View.php, line 828
Cake\View\View::_render() - CORE/src/View/View.php, line 788
Cake\View\View::render() - CORE/src/View/View.php, line 465
Cake\Controller\Controller::render() - CORE/src/Controller/Controller.php, line 582
Cake\Routing\Dispatcher::_invoke() - CORE/src/Routing/Dispatcher.php, line 120
Cake\Routing\Dispatcher::dispatch() - CORE/src/Routing/Dispatcher.php, line 87
[main] - ROOT/webroot/index.php, line 37



2015-08-12 12:26:52 Notice: Notice (8): Use of undefined constant id - assumed 'id' in [/Applications/MAMP/htdocs/cakephp3/bookmarker/src/Template/Users/view.ctp, line 17]
Trace:
Cake\Error\BaseErrorHandler::handleError() - CORE/src/Error/BaseErrorHandler.php, line 139
include - APP/Template/Users/view.ctp, line 17
Cake\View\View::_evaluate() - CORE/src/View/View.php, line 828
Cake\View\View::_render() - CORE/src/View/View.php, line 788
Cake\View\View::render() - CORE/src/View/View.php, line 465
Cake\Controller\Controller::render() - CORE/src/Controller/Controller.php, line 582
Cake\Routing\Dispatcher::_invoke() - CORE/src/Routing/Dispatcher.php, line 120
Cake\Routing\Dispatcher::dispatch() - CORE/src/Routing/Dispatcher.php, line 87
[main] - ROOT/webroot/index.php, line 37



2015-08-12 12:30:22 Notice: Notice (8): Use of undefined constant id - assumed 'id' in [/Applications/MAMP/htdocs/cakephp3/bookmarker/src/Template/Users/view.ctp, line 17]
Trace:
Cake\Error\BaseErrorHandler::handleError() - CORE/src/Error/BaseErrorHandler.php, line 139
include - APP/Template/Users/view.ctp, line 17
Cake\View\View::_evaluate() - CORE/src/View/View.php, line 828
Cake\View\View::_render() - CORE/src/View/View.php, line 788
Cake\View\View::render() - CORE/src/View/View.php, line 465
Cake\Controller\Controller::render() - CORE/src/Controller/Controller.php, line 582
Cake\Routing\Dispatcher::_invoke() - CORE/src/Routing/Dispatcher.php, line 120
Cake\Routing\Dispatcher::dispatch() - CORE/src/Routing/Dispatcher.php, line 87
[main] - ROOT/webroot/index.php, line 37



2015-08-12 12:30:51 Notice: Notice (8): Use of undefined constant id - assumed 'id' in [/Applications/MAMP/htdocs/cakephp3/bookmarker/src/Template/Users/view.ctp, line 17]
Trace:
Cake\Error\BaseErrorHandler::handleError() - CORE/src/Error/BaseErrorHandler.php, line 139
include - APP/Template/Users/view.ctp, line 17
Cake\View\View::_evaluate() - CORE/src/View/View.php, line 828
Cake\View\View::_render() - CORE/src/View/View.php, line 788
Cake\View\View::render() - CORE/src/View/View.php, line 465
Cake\Controller\Controller::render() - CORE/src/Controller/Controller.php, line 582
Cake\Routing\Dispatcher::_invoke() - CORE/src/Routing/Dispatcher.php, line 120
Cake\Routing\Dispatcher::dispatch() - CORE/src/Routing/Dispatcher.php, line 87
[main] - ROOT/webroot/index.php, line 37



2015-08-12 12:32:20 Notice: Notice (8): Use of undefined constant id - assumed 'id' in [/Applications/MAMP/htdocs/cakephp3/bookmarker/src/Template/Users/view.ctp, line 17]
Trace:
Cake\Error\BaseErrorHandler::handleError() - CORE/src/Error/BaseErrorHandler.php, line 139
include - APP/Template/Users/view.ctp, line 17
Cake\View\View::_evaluate() - CORE/src/View/View.php, line 828
Cake\View\View::_render() - CORE/src/View/View.php, line 788
Cake\View\View::render() - CORE/src/View/View.php, line 465
Cake\Controller\Controller::render() - CORE/src/Controller/Controller.php, line 582
Cake\Routing\Dispatcher::_invoke() - CORE/src/Routing/Dispatcher.php, line 120
Cake\Routing\Dispatcher::dispatch() - CORE/src/Routing/Dispatcher.php, line 87
[main] - ROOT/webroot/index.php, line 37



2015-08-12 12:34:06 Notice: Notice (8): Use of undefined constant id - assumed 'id' in [/Applications/MAMP/htdocs/cakephp3/bookmarker/src/Template/Users/view.ctp, line 17]
Trace:
Cake\Error\BaseErrorHandler::handleError() - CORE/src/Error/BaseErrorHandler.php, line 139
include - APP/Template/Users/view.ctp, line 17
Cake\View\View::_evaluate() - CORE/src/View/View.php, line 828
Cake\View\View::_render() - CORE/src/View/View.php, line 788
Cake\View\View::render() - CORE/src/View/View.php, line 465
Cake\Controller\Controller::render() - CORE/src/Controller/Controller.php, line 582
Cake\Routing\Dispatcher::_invoke() - CORE/src/Routing/Dispatcher.php, line 120
Cake\Routing\Dispatcher::dispatch() - CORE/src/Routing/Dispatcher.php, line 87
[main] - ROOT/webroot/index.php, line 37



2015-08-12 12:35:13 Notice: Notice (8): Use of undefined constant id - assumed 'id' in [/Applications/MAMP/htdocs/cakephp3/bookmarker/src/Template/Users/view.ctp, line 17]
Trace:
Cake\Error\BaseErrorHandler::handleError() - CORE/src/Error/BaseErrorHandler.php, line 139
include - APP/Template/Users/view.ctp, line 17
Cake\View\View::_evaluate() - CORE/src/View/View.php, line 828
Cake\View\View::_render() - CORE/src/View/View.php, line 788
Cake\View\View::render() - CORE/src/View/View.php, line 465
Cake\Controller\Controller::render() - CORE/src/Controller/Controller.php, line 582
Cake\Routing\Dispatcher::_invoke() - CORE/src/Routing/Dispatcher.php, line 120
Cake\Routing\Dispatcher::dispatch() - CORE/src/Routing/Dispatcher.php, line 87
[main] - ROOT/webroot/index.php, line 37



2015-08-12 13:25:57 Notice: Notice (8): Use of undefined constant id - assumed 'id' in [/Applications/MAMP/htdocs/cakephp3/bookmarker/src/Template/Users/view.ctp, line 17]
Trace:
Cake\Error\BaseErrorHandler::handleError() - CORE/src/Error/BaseErrorHandler.php, line 139
include - APP/Template/Users/view.ctp, line 17
Cake\View\View::_evaluate() - CORE/src/View/View.php, line 828
Cake\View\View::_render() - CORE/src/View/View.php, line 788
Cake\View\View::render() - CORE/src/View/View.php, line 465
Cake\Controller\Controller::render() - CORE/src/Controller/Controller.php, line 582
Cake\Routing\Dispatcher::_invoke() - CORE/src/Routing/Dispatcher.php, line 120
Cake\Routing\Dispatcher::dispatch() - CORE/src/Routing/Dispatcher.php, line 87
[main] - ROOT/webroot/index.php, line 37



2015-08-12 13:33:21 Notice: Notice (8): Use of undefined constant id - assumed 'id' in [/Applications/MAMP/htdocs/cakephp3/bookmarker/src/Template/Users/view.ctp, line 9]
Trace:
Cake\Error\BaseErrorHandler::handleError() - CORE/src/Error/BaseErrorHandler.php, line 139
include - APP/Template/Users/view.ctp, line 9
Cake\View\View::_evaluate() - CORE/src/View/View.php, line 828
Cake\View\View::_render() - CORE/src/View/View.php, line 788
Cake\View\View::render() - CORE/src/View/View.php, line 465
Cake\Controller\Controller::render() - CORE/src/Controller/Controller.php, line 582
Cake\Routing\Dispatcher::_invoke() - CORE/src/Routing/Dispatcher.php, line 120
Cake\Routing\Dispatcher::dispatch() - CORE/src/Routing/Dispatcher.php, line 87
[main] - ROOT/webroot/index.php, line 37



2015-08-12 13:33:35 Notice: Notice (8): Use of undefined constant id - assumed 'id' in [/Applications/MAMP/htdocs/cakephp3/bookmarker/src/Template/Users/view.ctp, line 9]
Trace:
Cake\Error\BaseErrorHandler::handleError() - CORE/src/Error/BaseErrorHandler.php, line 139
include - APP/Template/Users/view.ctp, line 9
Cake\View\View::_evaluate() - CORE/src/View/View.php, line 828
Cake\View\View::_render() - CORE/src/View/View.php, line 788
Cake\View\View::render() - CORE/src/View/View.php, line 465
Cake\Controller\Controller::render() - CORE/src/Controller/Controller.php, line 582
Cake\Routing\Dispatcher::_invoke() - CORE/src/Routing/Dispatcher.php, line 120
Cake\Routing\Dispatcher::dispatch() - CORE/src/Routing/Dispatcher.php, line 87
[main] - ROOT/webroot/index.php, line 37



2015-08-12 13:34:21 Notice: Notice (8): Use of undefined constant id - assumed 'id' in [/Applications/MAMP/htdocs/cakephp3/bookmarker/src/Template/Users/view.ctp, line 9]
Trace:
Cake\Error\BaseErrorHandler::handleError() - CORE/src/Error/BaseErrorHandler.php, line 139
include - APP/Template/Users/view.ctp, line 9
Cake\View\View::_evaluate() - CORE/src/View/View.php, line 828
Cake\View\View::_render() - CORE/src/View/View.php, line 788
Cake\View\View::render() - CORE/src/View/View.php, line 465
Cake\Controller\Controller::render() - CORE/src/Controller/Controller.php, line 582
Cake\Routing\Dispatcher::_invoke() - CORE/src/Routing/Dispatcher.php, line 120
Cake\Routing\Dispatcher::dispatch() - CORE/src/Routing/Dispatcher.php, line 87
[main] - ROOT/webroot/index.php, line 37



2016-02-18 23:30:33 Notice: Notice (8): Undefined variable: user in [/Applications/MAMP/htdocs/cake3/bookmarker/src/Template/Users/filter.ctp, line 4]
Trace:
Cake\Error\BaseErrorHandler::handleError() - CORE/src/Error/BaseErrorHandler.php, line 139
include - APP/Template/Users/filter.ctp, line 4
Cake\View\View::_evaluate() - CORE/src/View/View.php, line 828
Cake\View\View::_render() - CORE/src/View/View.php, line 788
Cake\View\View::render() - CORE/src/View/View.php, line 465
Cake\Controller\Controller::render() - CORE/src/Controller/Controller.php, line 582
Cake\Routing\Dispatcher::_invoke() - CORE/src/Routing/Dispatcher.php, line 120
Cake\Routing\Dispatcher::dispatch() - CORE/src/Routing/Dispatcher.php, line 87
[main] - ROOT/webroot/index.php, line 37



2016-02-21 02:59:19 Notice: Notice (8): Undefined variable: user in [/Applications/MAMP/htdocs/cake3/bookmarker/src/Template/Users/filter.ctp, line 4]
Trace:
Cake\Error\BaseErrorHandler::handleError() - CORE/src/Error/BaseErrorHandler.php, line 139
include - APP/Template/Users/filter.ctp, line 4
Cake\View\View::_evaluate() - CORE/src/View/View.php, line 828
Cake\View\View::_render() - CORE/src/View/View.php, line 788
Cake\View\View::render() - CORE/src/View/View.php, line 465
Cake\Controller\Controller::render() - CORE/src/Controller/Controller.php, line 582
Cake\Routing\Dispatcher::_invoke() - CORE/src/Routing/Dispatcher.php, line 120
Cake\Routing\Dispatcher::dispatch() - CORE/src/Routing/Dispatcher.php, line 87
[main] - ROOT/webroot/index.php, line 37



